Determining if the pthread_create exist failed with the following output:
Change Dir: /home/jack/C_code/Hw1/homework1a/src/build/CMakeFiles/CMakeTmp

Run Build Command:"/usr/bin/make" "cmTC_48eb5/fast"
/usr/bin/make -f CMakeFiles/cmTC_48eb5.dir/build.make CMakeFiles/cmTC_48eb5.dir/build
make[1]: Entering directory '/home/jack/C_code/Hw1/homework1a/src/build/CMakeFiles/CMakeTmp'
Building C object CMakeFiles/cmTC_48eb5.dir/CheckSymbolExists.c.o
/usr/bin/cc    -o CMakeFiles/cmTC_48eb5.dir/CheckSymbolExists.c.o   -c /home/jack/C_code/Hw1/homework1a/src/build/CMakeFiles/CMakeTmp/CheckSymbolExists.c
Linking C executable cmTC_48eb5
/usr/bin/cmake -E cmake_link_script CMakeFiles/cmTC_48eb5.dir/link.txt --verbose=1
/usr/bin/cc      -rdynamic CMakeFiles/cmTC_48eb5.dir/CheckSymbolExists.c.o  -o cmTC_48eb5 
CMakeFiles/cmTC_48eb5.dir/CheckSymbolExists.c.o: In function `main':
CheckSymbolExists.c:(.text+0x1b): undefined reference to `pthread_create'
collect2: error: ld returned 1 exit status
CMakeFiles/cmTC_48eb5.dir/build.make:97: recipe for target 'cmTC_48eb5' failed
make[1]: *** [cmTC_48eb5] Error 1
make[1]: Leaving directory '/home/jack/C_code/Hw1/homework1a/src/build/CMakeFiles/CMakeTmp'
Makefile:126: recipe for target 'cmTC_48eb5/fast' failed
make: *** [cmTC_48eb5/fast] Error 2

File /home/jack/C_code/Hw1/homework1a/src/build/CMakeFiles/CMakeTmp/CheckSymbolExists.c:
/* */
#include <pthread.h>

int main(int argc, char** argv)
{
  (void)argv;
#ifndef pthread_create
  return ((int*)(&pthread_create))[argc];
#else
  (void)argc;
  return 0;
#endif
}

Determining if the function pthread_create exists in the pthreads failed with the following output:
Change Dir: /home/jack/C_code/Hw1/homework1a/src/build/CMakeFiles/CMakeTmp

Run Build Command:"/usr/bin/make" "cmTC_3789d/fast"
/usr/bin/make -f CMakeFiles/cmTC_3789d.dir/build.make CMakeFiles/cmTC_3789d.dir/build
make[1]: Entering directory '/home/jack/C_code/Hw1/homework1a/src/build/CMakeFiles/CMakeTmp'
Building C object CMakeFiles/cmTC_3789d.dir/CheckFunctionExists.c.o
/usr/bin/cc   -DCHECK_FUNCTION_EXISTS=pthread_create   -o CMakeFiles/cmTC_3789d.dir/CheckFunctionExists.c.o   -c /usr/share/cmake-3.10/Modules/CheckFunctionExists.c
Linking C executable cmTC_3789d
/usr/bin/cmake -E cmake_link_script CMakeFiles/cmTC_3789d.dir/link.txt --verbose=1
/usr/bin/cc  -DCHECK_FUNCTION_EXISTS=pthread_create    -rdynamic CMakeFiles/cmTC_3789d.dir/CheckFunctionExists.c.o  -o cmTC_3789d -lpthreads 
/usr/bin/ld: cannot find -lpthreads
collect2: error: ld returned 1 exit status
CMakeFiles/cmTC_3789d.dir/build.make:97: recipe for target 'cmTC_3789d' failed
make[1]: *** [cmTC_3789d] Error 1
make[1]: Leaving directory '/home/jack/C_code/Hw1/homework1a/src/build/CMakeFiles/CMakeTmp'
Makefile:126: recipe for target 'cmTC_3789d/fast' failed
make: *** [cmTC_3789d/fast] Error 2


Determining if the pthread_create exist failed with the following output:
Change Dir: /home/jack/C_code/src/build/CMakeFiles/CMakeTmp

Run Build Command:"/usr/bin/make" "cmTC_463c7/fast"
/usr/bin/make -f CMakeFiles/cmTC_463c7.dir/build.make CMakeFiles/cmTC_463c7.dir/build
make[1]: Entering directory '/home/jack/C_code/src/build/CMakeFiles/CMakeTmp'
Building C object CMakeFiles/cmTC_463c7.dir/CheckSymbolExists.c.o
/usr/bin/cc    -o CMakeFiles/cmTC_463c7.dir/CheckSymbolExists.c.o   -c /home/jack/C_code/src/build/CMakeFiles/CMakeTmp/CheckSymbolExists.c
Linking C executable cmTC_463c7
/usr/bin/cmake -E cmake_link_script CMakeFiles/cmTC_463c7.dir/link.txt --verbose=1
/usr/bin/cc      -rdynamic CMakeFiles/cmTC_463c7.dir/CheckSymbolExists.c.o  -o cmTC_463c7 
CMakeFiles/cmTC_463c7.dir/CheckSymbolExists.c.o: In function `main':
CheckSymbolExists.c:(.text+0x1b): undefined reference to `pthread_create'
collect2: error: ld returned 1 exit status
CMakeFiles/cmTC_463c7.dir/build.make:97: recipe for target 'cmTC_463c7' failed
make[1]: *** [cmTC_463c7] Error 1
make[1]: Leaving directory '/home/jack/C_code/src/build/CMakeFiles/CMakeTmp'
Makefile:126: recipe for target 'cmTC_463c7/fast' failed
make: *** [cmTC_463c7/fast] Error 2

File /home/jack/C_code/src/build/CMakeFiles/CMakeTmp/CheckSymbolExists.c:
/* */
#include <pthread.h>

int main(int argc, char** argv)
{
  (void)argv;
#ifndef pthread_create
  return ((int*)(&pthread_create))[argc];
#else
  (void)argc;
  return 0;
#endif
}

Determining if the function pthread_create exists in the pthreads failed with the following output:
Change Dir: /home/jack/C_code/src/build/CMakeFiles/CMakeTmp

Run Build Command:"/usr/bin/make" "cmTC_b8181/fast"
/usr/bin/make -f CMakeFiles/cmTC_b8181.dir/build.make CMakeFiles/cmTC_b8181.dir/build
make[1]: Entering directory '/home/jack/C_code/src/build/CMakeFiles/CMakeTmp'
Building C object CMakeFiles/cmTC_b8181.dir/CheckFunctionExists.c.o
/usr/bin/cc   -DCHECK_FUNCTION_EXISTS=pthread_create   -o CMakeFiles/cmTC_b8181.dir/CheckFunctionExists.c.o   -c /usr/share/cmake-3.10/Modules/CheckFunctionExists.c
Linking C executable cmTC_b8181
/usr/bin/cmake -E cmake_link_script CMakeFiles/cmTC_b8181.dir/link.txt --verbose=1
/usr/bin/cc  -DCHECK_FUNCTION_EXISTS=pthread_create    -rdynamic CMakeFiles/cmTC_b8181.dir/CheckFunctionExists.c.o  -o cmTC_b8181 -lpthreads 
/usr/bin/ld: cannot find -lpthreads
collect2: error: ld returned 1 exit status
CMakeFiles/cmTC_b8181.dir/build.make:97: recipe for target 'cmTC_b8181' failed
make[1]: *** [cmTC_b8181] Error 1
make[1]: Leaving directory '/home/jack/C_code/src/build/CMakeFiles/CMakeTmp'
Makefile:126: recipe for target 'cmTC_b8181/fast' failed
make: *** [cmTC_b8181/fast] Error 2


